<?xml version="1.0" encoding="UTF-8"?>
<testsuite name="com.phonebook.tests.LoginTests" tests="1" skipped="0" failures="0" errors="0" timestamp="2024-04-10T09:17:24" hostname="DESKTOP-KPQ952O" time="1.372">
  <properties/>
  <testcase name="LoginPositiveTests" classname="com.phonebook.tests.LoginTests" time="1.372"/>
  <system-out><![CDATA[]]></system-out>
  <system-err><![CDATA[]]></system-err>
</testsuite>
